<?xml version="1.0" encoding="UTF-8"?>
<!-- Generated by org.testng.reporters.JUnitReportReporter -->
<testsuite skipped="0" hostname="DESKTOP-96HOLFR" name="ProductSearchTest" tests="1" failures="0" timestamp="2022-03-12T13:57:17 CET" time="8.091" errors="0">
  <testcase name="searchForRandomPredefinedProduct" time="8.091" classname="ProductSearchTest"/>
  <system-out>
Assert passed. Search result page opened.<br> Assert passed. Searched keyword: TUDDAL, is same as first product listed in search results.  </system-out>
</testsuite> <!-- ProductSearchTest -->
