<?xml version="1.0" encoding="UTF-8"?>
<!-- Generated by org.testng.reporters.JUnitReportReporter -->
<testsuite skipped="0" hostname="DESKTOP-96HOLFR" name="ProductSortingTest" tests="1" failures="0" timestamp="2022-03-12T13:33:29 CET" time="8.912" errors="0">
  <testcase name="sortRandomProductsByHighestPrice" time="8.912" classname="ProductSortingTest"/>
  <system-out/>
</testsuite> <!-- ProductSortingTest -->
